<?xml version="1.0" encoding="UTF-8"?>
<!-- Generated by org.testng.reporters.JUnitXMLReporter -->
<testsuite ignored="0" hostname="Manul-W" failures="2" tests="6" name="Test on chrome" time="70.26" errors="0" timestamp="2021-07-16T10:08:38 IST">
  <testcase classname="framework.testCases.TC_LoginTest_01" name="loginTest" time="2.132"/>
  <testcase classname="framework.testCases.TC_LoginDDT_02" name="loginDDT" time="11.005"/>
  <testcase classname="framework.testCases.TC_LoginDDT_02" name="loginDDT" time="5.511">
    <failure type="java.lang.AssertionError" message="expected [true] but found [false]">
      <![CDATA[java.lang.AssertionError: expected [true] but found [false]
at framework.testCases.TC_LoginDDT_02.loginDDT(TC_LoginDDT_02.java:31)
at java.base/java.util.ArrayList.forEach(ArrayList.java:1511)
... Removed 31 stack frames]]>
    </failure>
  </testcase> <!-- loginDDT -->
  <testcase classname="framework.testCases.TC_LoginDDT_02" name="loginDDT" time="5.764">
    <failure type="java.lang.AssertionError" message="expected [true] but found [false]">
      <![CDATA[java.lang.AssertionError: expected [true] but found [false]
at framework.testCases.TC_LoginDDT_02.loginDDT(TC_LoginDDT_02.java:31)
at java.base/java.util.ArrayList.forEach(ArrayList.java:1511)
... Removed 31 stack frames]]>
    </failure>
  </testcase> <!-- loginDDT -->
  <testcase classname="framework.testCases.TC_LoginDDT_02" name="loginDDT" time="10.583"/>
  <testcase classname="framework.testCases.TC_AddCustomerTest_03" name="addNewCustomer" time="16.544"/>
</testsuite> <!-- Test on chrome -->
