<?xml version="1.0" encoding="UTF-8"?>
<!-- Generated by org.testng.reporters.JUnitXMLReporter -->
<testsuite ignored="0" hostname="Manul-W" failures="2" tests="6" name="Test on opera" time="79.717" errors="0" timestamp="2021-07-16T10:12:11 IST">
  <testcase classname="framework.testCases.TC_LoginTest_01" name="loginTest" time="2.138"/>
  <testcase classname="framework.testCases.TC_LoginDDT_02" name="loginDDT" time="11.144"/>
  <testcase classname="framework.testCases.TC_LoginDDT_02" name="loginDDT" time="5.222">
    <failure type="java.lang.AssertionError" message="expected [true] but found [false]">
      <![CDATA[java.lang.AssertionError: expected [true] but found [false]
at framework.testCases.TC_LoginDDT_02.loginDDT(TC_LoginDDT_02.java:31)
at java.base/java.util.ArrayList.forEach(ArrayList.java:1511)
... Removed 31 stack frames]]>
    </failure>
  </testcase> <!-- loginDDT -->
  <testcase classname="framework.testCases.TC_LoginDDT_02" name="loginDDT" time="5.362">
    <failure type="java.lang.AssertionError" message="expected [true] but found [false]">
      <![CDATA[java.lang.AssertionError: expected [true] but found [false]
at framework.testCases.TC_LoginDDT_02.loginDDT(TC_LoginDDT_02.java:31)
at java.base/java.util.ArrayList.forEach(ArrayList.java:1511)
... Removed 31 stack frames]]>
    </failure>
  </testcase> <!-- loginDDT -->
  <testcase classname="framework.testCases.TC_LoginDDT_02" name="loginDDT" time="10.697"/>
  <testcase classname="framework.testCases.TC_AddCustomerTest_03" name="addNewCustomer" time="17.03"/>
</testsuite> <!-- Test on opera -->
